-----log-start-----
Commit hash  : d13ce297b5a013812a0174e098cd792bb77be915
Raw logs     : 13.05,13.09,12.22,14.46,12,13.37,11.8,13.32,13.23,11.99,12.01,13.04,11.9,13.27,12.96,11.81,13.28,14.3,13.31,11.62,11.69,11.72,12.92,13.72,12.06,13.22,11.88,11.95,13.04,11.71,12.43,11.97,11.85,12.95,11.91,13.16,12.87,13.99,14.14,14.99,12.74,11.81,11.89,11.83,12.24,12.11,11.83,12.01,12.87,11.96,12.95,14.96,13.01,11.85,11.87,13.08,12.89,12.4,11.89,11.96,15.83,11.93,11.73,11.89,12.53,13.15,11.76,12.98,12.2,11.85,11.8,12.23,13.3,12.41,13.07,12.01,12.32,13.07,12.3,11.85,12.52,11.78,12.03,12.17,12.19,12.16,11.89,12.91,13.19,15.43,20.87,20.61,19.91,11.98,11.86,13.08,12.59,15.94,15.39,16.9,
Max time     : 20.87
Min time     : 11.62
Average time : 12.7190
------log-end------

-----log-start-----
Commit hash  : d13ce297b5a013812a0174e098cd792bb77be915
Raw logs     : 17.4,16.04,11.75,13.72,12.12,12,12.75,12.33,12.01,11.71,12.96,12.03,11.74,13.18,11.87,11.81,11.73,11.87,11.67,12.03,11.77,13.03,11.73,13.14,15.32,11.75,11.74,14.19,15.52,12.33,13.08,13.03,11.8,12.9,11.91,12.42,13.31,12,13.2,13.27,11.68,12.95,13.41,11.9,11.86,13.1,11.96,13.01,13.02,12.22,12.42,14.61,13.01,12.9,12.61,11.72,11.82,11.8,12.24,13.1,13.1,11.72,11.72,11.8,16.17,13.31,12.89,12.88,11.92,12.84,12.01,11.61,11.81,11.74,11.52,12.1,11.92,12.67,11.69,11.75,12.04,11.78,11.78,13.02,12.31,13,12.01,12.92,11.7,11.72,11.92,14.68,13.05,13.08,12.89,11.76,11.73,11.97,12,11.68,
Max time     : 17.4
Min time     : 11.52
Average time : 12.4959
------log-end------

-----log-start-----
Commit hash  : d13ce297b5a013812a0174e098cd792bb77be915
Raw logs     : 13.34,13.34,12.08,13.56,12.14,13.36,12.11,13.55,14.61,15.77,14.06,12.82,11.98,11.63,11.64,11.9,14.34,12.21,13.15,12.36,12.03,12.72,12.01,12.78,12.81,14.06,11.97,12.48,13.21,11.58,15.06,13.02,13.07,11.82,11.61,11.7,11.89,16.42,13.88,12.61,16.55,12.98,13.95,13.3,12.56,18.28,13.24,11.95,12.23,12.12,12.49,13.4,12,12.06,13.27,12.22,12.69,12.36,12.51,13.24,13.34,13.12,12.3,11.98,11.96,12.07,11.93,13.56,14.67,13.26,12.12,13.5,12.17,13.56,13.03,12.28,12.11,15.02,12.54,13.11,15.15,14.2,14.06,12.64,12.7,13.19,12.91,12.1,13.09,12.12,12.31,12.45,13.1,11.93,13.82,12.1,12.04,13.22,11.89,11.86,
Max time     : 18.28
Min time     : 11.58
Average time : 12.9137
------log-end------

-----log-start-----
Commit hash  : 4587d662c924ab3b7e6ff196c38f96cb9981fdc6
Raw logs     : 13.68,12.64,11.82,11.88,12.93,11.89,12.22,14.38,14.17,11.83,11.63,11.78,11.76,11.74,12.12,11.69,11.83,12.97,12.9,14.84,13.19,13.02,12.67,11.86,11.82,14.49,11.82,11.7,12.06,12.81,11.66,12.92,11.84,12.26,11.85,12.63,11.65,11.92,13,11.62,13.08,11.91,11.77,12.36,13,12.97,11.71,11.66,11.83,16.1,11.71,12.78,11.89,11.74,13.08,11.96,14.82,12.86,12.2,11.78,11.67,11.87,12.22,12.26,12.37,11.63,11.8,11.6,11.74,11.72,11.68,11.78,11.75,12.91,12.99,11.97,11.8,12.93,11.8,11.81,13.1,11.87,11.83,13.03,11.91,11.78,11.86,11.68,11.72,13.54,11.76,13.02,11.7,13.13,11.76,11.78,12.95,12.95,11.64,13.02,
Max time     : 16.1
Min time     : 11.6
Average time : 12.3491
------log-end------

-----log-start-----
Commit hash  : 4587d662c924ab3b7e6ff196c38f96cb9981fdc6
Raw logs     : 12.35,11.66,11.62,11.96,11.63,11.63,12.05,12.25,13.56,11.63,11.88,11.82,11.84,12.81,12.04,12.75,11.37,12.1,12,11.7,16.44,11.93,11.75,16.73,11.63,11.92,11.78,12.91,11.74,11.54,13.55,14.29,11.64,13.77,11.69,11.69,12.87,11.58,12.07,11.79,11.74,12.56,11.61,11.58,12.88,11.69,13.08,11.62,12.74,11.65,11.78,12.81,12.14,12.45,12.96,11.87,12.77,12.57,14.7,13.08,12.13,12.66,12.06,12.27,12.09,11.89,11.89,11.84,12.51,12.9,11.77,11.67,11.71,12.85,11.59,11.98,11.83,11.8,12.87,12.17,11.9,11.8,11.64,12.86,11.93,11.61,11.96,12.84,11.92,12.7,12.94,12.2,12.87,11.67,11.93,12.82,11.85,11.65,11.66,11.92,
Max time     : 16.73
Min time     : 11.37
Average time : 12.2639
------log-end------

-----log-start-----
Commit hash  : 4587d662c924ab3b7e6ff196c38f96cb9981fdc6
Raw logs     : 11.95,13.04,13.43,11.99,12.06,11.98,13.24,12.88,11.98,11.82,11.74,11.75,12.99,12.94,11.79,13.13,12.97,11.62,12.81,11.69,12.56,12.76,11.49,12.11,13.14,11.41,12.15,14.26,12.11,12.73,13.01,12.82,11.78,11.78,12.88,12.08,13.03,12.12,11.63,12.39,13.07,11.72,13.1,11.75,11.88,11.66,11.61,11.71,11.59,13.54,12.81,12.06,11.65,12.55,13.46,11.82,13.23,16.98,11.75,13.21,11.67,11.68,11.76,11.87,11.57,13.21,11.73,11.56,12.65,12.9,12.25,11.83,12.88,12.67,11.76,11.71,11.71,15.09,19.94,17.7,14.85,14.56,11.66,11.72,11.86,14.01,15.71,12.83,12.92,12.8,11.61,13.23,11.94,11.62,12.66,11.74,14.25,11.65,11.74,11.77,
Max time     : 19.94
Min time     : 11.41
Average time : 12.4879
------log-end------

-----log-start-----
Commit hash  : 4587d662c924ab3b7e6ff196c38f96cb9981fdc6
Raw logs     : 12.02,12.06,12.79,11.6,13.04,12.81,11.67,12.1,12.79,11.73,11.56,11.81,12.93,13.08,13.14,11.71,12.95,11.66,11.93,11.72,11.65,11.7,11.81,11.73,12.82,11.74,11.87,11.77,12.84,11.77,11.56,11.77,16.92,11.7,11.72,11.8,12.01,12.28,14.22,17.08,11.75,11.79,11.84,11.76,11.63,15.38,14.94,13.02,11.81,11.99,11.83,11.82,12.12,13.3,11.63,11.69,11.64,11.9,11.72,12.95,11.72,12.35,11.76,12.11,12.83,11.61,11.61,11.81,12.6,12.8,11.64,11.79,11.73,12.81,11.98,12.79,14.16,14.12,12.88,12.81,11.6,12.81,11.7,11.72,11.74,12.9,11.94,11.7,11.72,11.71,11.81,13.45,11.74,11.77,11.68,11.87,11.64,11.64,11.83,11.7,
Max time     : 17.08
Min time     : 11.56
Average time : 12.2225
------log-end------

-----log-start-----
Commit hash  : 67d49f0b5b8e0724e075553d1f2dad88d8142882
Raw logs     : 11.75,11.8,11.78,12.38,13.05,12.45,22.71,18.03,15.13,11.75,11.52,13.33,11.4,12.12,12.02,13.56,15.51,13.82,13.36,12.39,12.24,12.14,12.97,13.4,12.3,13.06,12.15,13.14,13.3,11.67,14.6,13.63,11.82,11.76,13.16,12.31,12.25,12.18,11.64,11.81,13.28,12.59,11.72,11.73,13.83,14.88,16.63,14.64,12.46,14.67,14.84,11.79,11.52,11.68,12.12,12.22,13.7,12.84,11.81,12.22,13.05,11.47,11.74,11.46,11.71,12.7,12.8,11.54,11.78,13.29,11.81,12.26,12.12,11.69,11.84,12.53,13.46,15.66,12.08,11.81,13.69,13.71,13.04,12.54,11.44,12.2,11.57,12.67,11.92,11.92,12.02,13.59,11.93,11.97,11.81,12.83,11.86,13.62,12.61,13.51,
Max time     : 22.71
Min time     : 11.4
Average time : 12.6694
------log-end------

-----log-start-----
Commit hash  : 67d49f0b5b8e0724e075553d1f2dad88d8142882
Raw logs     : 12.21,12.03,12.44,11.36,12.78,11.49,11.55,12.56,11.66,10.99,11.78,12.36,10.99,11.09,11.71,12.17,11.48,11.52,11.09,11.09,12.51,11.2,11.15,12.06,11.47,12.42,10.98,10.99,11.03,12.23,12.38,11.2,11.49,11.39,11.38,11.59,11.19,11.23,11.64,11.48,11.42,11.79,11.27,12.45,11.55,11.38,12.66,11.57,11.26,11.43,11.58,11.33,11.37,11.84,11.25,11.7,12.13,11.39,11.2,11.41,11.86,11.57,12.56,11.51,13.2,11.67,11.23,11.6,11.54,11.68,11.32,12.47,11.65,11.32,12.52,12.52,11.4,11.64,11.52,12.29,12.46,12.76,11.26,11.45,12.35,11.42,11.2,12.53,11.41,11.85,11.52,11.62,12.78,11.47,12.11,12.38,11.35,12.7,11.52,11.43,
Max time     : 13.2
Min time     : 10.98
Average time : 11.8191
------log-end------

-----log-start-----
Commit hash  : 67d49f0b5b8e0724e075553d1f2dad88d8142882
Raw logs     : 11.49,12.84,12.3,11.78,12.63,11.68,12.06,11.8,12.42,11.87,12.82,11.69,19.59,22.09,20.77,12.56,11.67,13.8,11.63,11.51,19.09,17.85,19.68,18.47,11.58,12.7,11.4,11.52,11.34,11.32,11.43,12.88,11.33,11.62,11.72,12.5,12.73,11.66,12.65,12.51,12.56,12.78,11.57,12.14,11.52,11.38,12.57,12.01,11.39,11.45,12.34,11.5,12.84,11.85,11.74,13.46,12.67,11.59,11.49,11.42,12.24,12.89,12.55,11.34,11.37,12.53,11.24,12.07,11.57,11.65,12.62,11.51,11.46,11.35,12.41,12.65,11.45,11.25,12.52,11.5,11.5,11.4,11.34,11.5,12.56,11.33,11.58,12.83,11.72,11.52,12.72,12.01,11.55,11.55,12.85,11.32,11.29,11.7,11.37,11.46,
Max time     : 22.09
Min time     : 11.24
Average time : 12.1134
------log-end------

-----log-start-----
Commit hash  : 67d49f0b5b8e0724e075553d1f2dad88d8142882
Raw logs     : 12.53,11.81,12.66,12.65,11.69,11.7,13.25,13.29,12.37,12.65,12.63,11.55,11.44,11.51,12.23,11.43,11.45,11.52,11.73,12.85,11.57,11.53,11.6,11.49,11.36,12.46,13.22,11.33,11.78,11.42,12.72,11.45,12.36,11.19,11.5,11.41,11.68,11.53,11.36,12.31,11.5,11.66,12.36,11.81,13.57,12.57,11.42,11.54,13.79,11.81,11.66,12.58,12.25,11.35,13.49,12.76,11.26,11.63,11.41,11.62,11.86,12.58,11.51,12.6,11.21,12.48,11.38,11.37,11.95,11.97,11.26,12.58,11.54,11.57,12.55,11.31,11.73,11.44,11.99,12.97,11.6,11.99,11.77,11.25,11.24,12.79,12.54,11.48,12.54,11.7,11.47,11.45,11.6,11.36,11.42,11.34,12.38,11.47,11.33,14.96,
Max time     : 14.96
Min time     : 11.19
Average time : 12.0028
------log-end------

-----log-start-----
Commit hash  : 67d49f0b5b8e0724e075553d1f2dad88d8142882
Raw logs     : 12.54,11.29,12.52,12.56,12.57,13.17,12.49,11.68,11.42,12.12,11.44,11.28,11.5,11.49,11.66,11.59,11.28,12.61,12.56,11.3,11.36,11.46,11.1,12.6,12.61,12.25,11.85,11.55,11.13,14.54,11.47,12.57,11.45,11.43,12.72,11.33,11.58,11.45,12.52,11.24,11.38,11.36,11.12,11.63,12.57,11.36,12.77,11.3,11.8,12.5,11.25,14.48,11.68,11.49,11.33,12.44,11.57,11.37,12.31,11.63,12.52,11.25,12.75,12.54,11.44,12.24,11.51,12.87,11.34,12.16,11.68,12.45,12.55,11.27,11.32,12.31,11.45,11.25,12.42,11.27,12.24,11.85,11.31,11.26,13.89,11.38,11.4,11.47,11.77,11.33,12.54,12.12,11.48,11.34,12.4,11.48,11.4,11.39,11.94,11.34,
Max time     : 14.54
Min time     : 11.1
Average time : 11.9407
------log-end------

